<?xml version="1.0" encoding="UTF-8"?>
<!-- Generated by org.testng.reporters.JUnitXMLReporter -->
<testsuite hostname="IETSMH02D098" name="Regression 1" tests="4" failures="0" timestamp="20 Nov 2017 09:23:12 GMT" time="13351.548" errors="0">
  <testcase name="third" time="7568.7" classname="student.LoginTest"/>
  <testcase name="first" time="7574.307" classname="student.LoginTest"/>
  <testcase name="second" time="7606.626" classname="student.LoginTest"/>
  <testcase name="fourth" time="13351.389" classname="student.LoginTest"/>
</testsuite> <!-- Regression 1 -->
