<?xml version="1.0" encoding="UTF-8"?>
<testng-results skipped="1" failed="0" total="1" passed="0">
  <reporter-output>
  </reporter-output>
  <suite name="Default suite" duration-ms="47" started-at="2018-01-16T09:11:25Z" finished-at="2018-01-16T09:11:25Z">
    <groups>
    </groups>
    <test name="Default test" duration-ms="47" started-at="2018-01-16T09:11:25Z" finished-at="2018-01-16T09:11:25Z">
      <class name="DDTc.Wordpress2">
        <test-method status="SKIP" signature="LoginWordpress(java.lang.String, java.lang.String)[pri:0, instance:DDTc.Wordpress2@475530b9]" name="LoginWordpress" duration-ms="0" started-at="2018-01-16T14:41:25Z" data-provider="WP_data" finished-at="2018-01-16T14:41:25Z">
          <exception class="java.lang.RuntimeException">
            <message>
              <![CDATA[java.lang.NullPointerException]]>
            </message>
            <full-stacktrace>
              <![CDATA[java.lang.RuntimeException: java.lang.NullPointerException
	at org.testng.internal.MethodInvocationHelper.invokeDataProvider(MethodInvocationHelper.java:162)
	at org.testng.internal.Parameters.handleParameters(Parameters.java:430)
	at org.testng.internal.Invoker.handleParameters(Invoker.java:1270)
	at org.testng.internal.Invoker.createParameters(Invoker.java:985)
	at org.testng.internal.Invoker.invokeTestMethods(Invoker.java:1075)
	at org.testng.internal.TestMethodWorker.invokeTestMethods(TestMethodWorker.java:125)
	at org.testng.internal.TestMethodWorker.run(TestMethodWorker.java:108)
	at org.testng.TestRunner.privateRun(TestRunner.java:774)
	at org.testng.TestRunner.run(TestRunner.java:624)
	at org.testng.SuiteRunner.runTest(SuiteRunner.java:359)
	at org.testng.SuiteRunner.runSequentially(SuiteRunner.java:354)
	at org.testng.SuiteRunner.privateRun(SuiteRunner.java:312)
	at org.testng.SuiteRunner.run(SuiteRunner.java:261)
	at org.testng.SuiteRunnerWorker.runSuite(SuiteRunnerWorker.java:52)
	at org.testng.SuiteRunnerWorker.run(SuiteRunnerWorker.java:86)
	at org.testng.TestNG.runSuitesSequentially(TestNG.java:1215)
	at org.testng.TestNG.runSuitesLocally(TestNG.java:1140)
	at org.testng.TestNG.run(TestNG.java:1048)
	at org.testng.remote.AbstractRemoteTestNG.run(AbstractRemoteTestNG.java:114)
	at org.testng.remote.RemoteTestNG.initAndRun(RemoteTestNG.java:251)
	at org.testng.remote.RemoteTestNG.main(RemoteTestNG.java:77)
Caused by: java.lang.NullPointerException
	at DDTc.EDC.getRowcount(EDC.java:43)
	at DDTc.Wordpress2.passdata(Wordpress2.java:42)
	at sun.reflect.NativeMethodAccessorImpl.invoke0(Native Method)
	at sun.reflect.NativeMethodAccessorImpl.invoke(Unknown Source)
	at sun.reflect.DelegatingMethodAccessorImpl.invoke(Unknown Source)
	at java.lang.reflect.Method.invoke(Unknown Source)
	at org.testng.internal.MethodInvocationHelper.invokeMethod(MethodInvocationHelper.java:85)
	at org.testng.internal.MethodInvocationHelper.invokeDataProvider(MethodInvocationHelper.java:136)
	... 20 more
]]>
            </full-stacktrace>
          </exception> <!-- java.lang.RuntimeException -->
          <reporter-output>
          </reporter-output>
        </test-method> <!-- LoginWordpress -->
      </class> <!-- DDTc.Wordpress2 -->
    </test> <!-- Default test -->
  </suite> <!-- Default suite -->
</testng-results>
