<?xml version="1.0" encoding="UTF-8"?>
<testng-results skipped="0" failed="0" total="3" passed="3">
  <reporter-output>
  </reporter-output>
  <suite name="Geneo application" duration-ms="65837" started-at="2018-03-09T04:36:09Z" finished-at="2018-03-09T04:37:15Z">
    <groups>
    </groups>
    <test name="To Test All Geneo dependent links" duration-ms="65837" started-at="2018-03-09T04:36:09Z" finished-at="2018-03-09T04:37:15Z">
      <class name="student.ExternalUrlStatus">
        <test-method status="PASS" signature="GeneoStudentURL()[pri:1, instance:student.ExternalUrlStatus@1c2c22f3]" name="GeneoStudentURL" duration-ms="16165" started-at="2018-03-09T10:06:09Z" finished-at="2018-03-09T10:06:25Z">
          <reporter-output>
          </reporter-output>
        </test-method> <!-- GeneoStudentURL -->
        <test-method status="PASS" signature="TearDown(org.testng.ITestResult)[pri:0, instance:student.ExternalUrlStatus@1c2c22f3]" name="TearDown" is-config="true" duration-ms="66" started-at="2018-03-09T10:06:25Z" finished-at="2018-03-09T10:06:25Z">
          <params>
            <param index="0">
              <value>
                <![CDATA[[TestResult name=GeneoStudentURL status=SUCCESS method=ExternalUrlStatus.GeneoStudentURL()[pri:1, instance:student.ExternalUrlStatus@1c2c22f3] output={null}]]]>
              </value>
            </param>
          </params>
          <reporter-output>
          </reporter-output>
        </test-method> <!-- TearDown -->
        <test-method status="PASS" signature="GeneoURL()[pri:2, instance:student.ExternalUrlStatus@1c2c22f3]" name="GeneoURL" duration-ms="13348" started-at="2018-03-09T10:06:25Z" finished-at="2018-03-09T10:06:39Z">
          <reporter-output>
          </reporter-output>
        </test-method> <!-- GeneoURL -->
        <test-method status="PASS" signature="TearDown(org.testng.ITestResult)[pri:0, instance:student.ExternalUrlStatus@1c2c22f3]" name="TearDown" is-config="true" duration-ms="2333" started-at="2018-03-09T10:06:39Z" finished-at="2018-03-09T10:06:41Z">
          <params>
            <param index="0">
              <value>
                <![CDATA[[TestResult name=GeneoURL status=SUCCESS method=ExternalUrlStatus.GeneoURL()[pri:2, instance:student.ExternalUrlStatus@1c2c22f3] output={null}]]]>
              </value>
            </param>
          </params>
          <reporter-output>
          </reporter-output>
        </test-method> <!-- TearDown -->
        <test-method status="PASS" signature="ExplorimentsURL()[pri:3, instance:student.ExternalUrlStatus@1c2c22f3]" name="ExplorimentsURL" duration-ms="31548" started-at="2018-03-09T10:06:41Z" finished-at="2018-03-09T10:07:12Z">
          <reporter-output>
          </reporter-output>
        </test-method> <!-- ExplorimentsURL -->
        <test-method status="PASS" signature="TearDown(org.testng.ITestResult)[pri:0, instance:student.ExternalUrlStatus@1c2c22f3]" name="TearDown" is-config="true" duration-ms="2368" started-at="2018-03-09T10:07:12Z" finished-at="2018-03-09T10:07:15Z">
          <params>
            <param index="0">
              <value>
                <![CDATA[[TestResult name=ExplorimentsURL status=SUCCESS method=ExternalUrlStatus.ExplorimentsURL()[pri:3, instance:student.ExternalUrlStatus@1c2c22f3] output={null}]]]>
              </value>
            </param>
          </params>
          <reporter-output>
          </reporter-output>
        </test-method> <!-- TearDown -->
      </class> <!-- student.ExternalUrlStatus -->
    </test> <!-- To Test All Geneo dependent links -->
  </suite> <!-- Geneo application -->
</testng-results>
