<?xml version="1.0" encoding="UTF-8"?>
<!-- Generated by org.testng.reporters.JUnitXMLReporter -->
<testsuite hostname="IETSMH02D098" name="testngTest2" tests="11" failures="0" timestamp="6 Oct 2017 11:59:33 GMT" time="48.615" errors="0">
  <testcase name="Without_email_address" time="17.155" classname="signupcode.signUp_TestNG"/>
  <testcase name="Without_confirm_password_field" time="17.155" classname="signupcode.signUp_TestNG"/>
  <testcase name="Without_Password_field" time="17.478" classname="signupcode.signUp_TestNG"/>
  <testcase name="ALl_blank" time="21.08" classname="signupcode.signUp_TestNG"/>
  <testcase name="OTP_testing" time="29.985" classname="signupcode.signUp_TestNG"/>
  <testcase name="Without_mobile_number_field" time="17.421" classname="signupcode.signUp_TestNG"/>
  <testcase name="Without_selection_of_standards" time="17.153" classname="signupcode.signUp_TestNG"/>
  <testcase name="Without_selection_of_reletion" time="17.515" classname="signupcode.signUp_TestNG"/>
  <testcase name="name_field_blank_test" time="14.017" classname="signupcode.signUp_TestNG"/>
  <testcase name="without_selection_of_i_agree" time="10.367" classname="signupcode.signUp_TestNG"/>
  <testcase name="positive_testing" time="18.608" classname="signupcode.signUp_TestNG"/>
</testsuite> <!-- testngTest2 -->
