<?xml version="1.0" encoding="UTF-8"?>
<testng-results skipped="0" failed="0" ignored="0" total="1" passed="1">
  <reporter-output>
  </reporter-output>
  <suite name="Default suite" duration-ms="815" started-at="2018-03-04T17:45:39Z" finished-at="2018-03-04T17:45:40Z">
    <groups>
    </groups>
    <test name="Default test" duration-ms="815" started-at="2018-03-04T17:45:39Z" finished-at="2018-03-04T17:45:40Z">
      <class name="Com.GeneoStudent.Testcases.LoginPageTest">
        <test-method status="PASS" signature="LoginNegativeTest()[pri:3, instance:Com.GeneoStudent.Testcases.LoginPageTest@77cd7a0]" name="LoginNegativeTest" duration-ms="787" started-at="2018-03-04T23:15:39Z" finished-at="2018-03-04T23:15:40Z">
          <reporter-output>
          </reporter-output>
        </test-method> <!-- LoginNegativeTest -->
      </class> <!-- Com.GeneoStudent.Testcases.LoginPageTest -->
    </test> <!-- Default test -->
  </suite> <!-- Default suite -->
</testng-results>
