<?xml version="1.0" encoding="UTF-8"?>
<!-- Generated by org.testng.reporters.JUnitXMLReporter -->
<testsuite hostname="IETSMH02D098" name="To Test All Geneo dependent links" tests="3" failures="0" timestamp="9 Mar 2018 04:37:15 GMT" time="65.837" errors="0">
  <testcase name="GeneoStudentURL" time="16.165" classname="student.ExternalUrlStatus"/>
  <testcase name="GeneoURL" time="13.348" classname="student.ExternalUrlStatus"/>
  <testcase name="ExplorimentsURL" time="31.548" classname="student.ExternalUrlStatus"/>
</testsuite> <!-- To Test All Geneo dependent links -->
